2020/08/04 14:17:13.033 [E] [controller.go:304]  parse template err: auth/auth-list.html template: auth/auth-list.html:84: unexpected "=" in operand
2020/08/04 14:17:20.499 [E] [controller.go:304]  parse template err: auth/auth-list.html template: auth/auth-list.html:84: unexpected "=" in operand
2020/08/04 14:18:00.697 [E] [template.go:176]  parse template err: auth/auth-list.html template: auth/auth-list.html:84: unexpected "=" in operand
2020/08/04 14:18:40.672 [E] [template.go:176]  parse template err: auth/auth-list.html template: auth/auth-list.html:197: unexpected EOF
2020/08/04 14:25:40.176 [E] [template.go:176]  parse template err: auth/auth-list.html template: auth/auth-list.html:118: missing value for command
2020/08/04 14:52:36.202 [E] [server.go:2802]  html/template:auth/auth-add.html: "\"" in attribute name: "off\" class=\"layui-input\">\n      "
2020/08/06 09:34:54.281 [E] [server.go:2802]  template: auth/role-user-add.html:58:32: executing "auth/role-user-add.html" at <.role>: range can't iterate over {1 普通管理员 普通管理员 1 0 2020-08-05 13:49:04 +0800 CST [] [0xc00008b680 0xc00008b710 0xc00008b7a0 0xc00008b830 0xc00008b8c0 0xc00008b950 0xc00008b9e0 0xc00008ba70 0xc00008bb00 0xc00008bb90 0xc00008bc20 0xc00008bcb0 0xc00008bd40]}
2020/08/06 09:38:28.316 [E] [server.go:2802]  template: auth/role-user-add.html:58:32: executing "auth/role-user-add.html" at <.role>: range can't iterate over {1 普通管理员 普通管理员 1 0 2020-08-05 13:49:04 +0800 CST [] []}
2020/08/06 09:40:04.487 [E] [server.go:2802]  template: auth/role-user-add.html:59:50: executing "auth/role-user-add.html" at <.User.Id>: can't evaluate field User in type *auth.User
2020/08/10 10:00:31.931 [E] [router.go:866]  template: user/my_center_edit.html:69:23: executing "user/my_center_edit.html" at <eq .user.Gender 1>: error calling eq: invalid type for comparison
2020/08/10 10:01:23.061 [E] [router.go:866]  template: user/my_center_edit.html:69:23: executing "user/my_center_edit.html" at <eq .user.Gender 1>: error calling eq: invalid type for comparison
2020/08/10 10:05:12.701 [E] [router.go:866]  template: user/my_center_edit.html:69:23: executing "user/my_center_edit.html" at <eq .user.Gender 1>: error calling eq: invalid type for comparison
2020/08/10 10:10:47.827 [E] [router.go:866]  template: user/my_center_edit.html:69:23: executing "user/my_center_edit.html" at <eq .user.Gender 1>: error calling eq: invalid type for comparison
2020/08/10 14:31:50.757 [E] [router.go:866]  template: user/salary_slip_list.html:65:32: executing "user/salary_slip_list.html" at <.salary_slip.WorkingDay>: can't evaluate field WorkingDay in type interface {}
2020/08/10 14:57:35.514 [E] [router.go:866]  template: caiwu/salary_slip_list.html:71:162: executing "caiwu/salary_slip_list.html" at <.salary_slip.Id>: can't evaluate field salary_slip in type my_center.SalarySlip
2020/08/10 16:34:16.926 [E] [caiwu_controller.go:112]  <nil>
2020/08/10 16:34:16.933 [E] [caiwu_controller.go:142]  Error 1265: Data truncated for column 'base_pay' at row 1
2020/08/10 16:34:16.935 [E] [caiwu_controller.go:142]  Error 1265: Data truncated for column 'base_pay' at row 1
2020/08/10 16:34:16.937 [E] [caiwu_controller.go:142]  Error 1265: Data truncated for column 'base_pay' at row 1
2020/08/10 16:34:16.944 [E] [caiwu_controller.go:142]  Error 1265: Data truncated for column 'base_pay' at row 1
2020/08/10 16:34:16.948 [E] [caiwu_controller.go:142]  Error 1265: Data truncated for column 'base_pay' at row 1
2020/08/10 16:34:16.949 [E] [caiwu_controller.go:142]  Error 1265: Data truncated for column 'base_pay' at row 1
2020/08/10 16:34:16.955 [E] [caiwu_controller.go:142]  Error 1265: Data truncated for column 'base_pay' at row 1
2020/08/10 16:34:16.957 [E] [caiwu_controller.go:142]  Error 1265: Data truncated for column 'base_pay' at row 1
2020/08/10 16:34:16.958 [E] [caiwu_controller.go:142]  Error 1265: Data truncated for column 'base_pay' at row 1
2020/08/10 16:34:16.959 [E] [caiwu_controller.go:142]  Error 1265: Data truncated for column 'base_pay' at row 1
2020/08/10 16:34:16.960 [E] [caiwu_controller.go:142]  Error 1265: Data truncated for column 'base_pay' at row 1
2020/08/10 16:34:16.961 [E] [caiwu_controller.go:142]  Error 1265: Data truncated for column 'base_pay' at row 1
2020/08/10 16:34:16.962 [E] [caiwu_controller.go:142]  Error 1265: Data truncated for column 'base_pay' at row 1
2020/08/10 16:34:16.970 [E] [caiwu_controller.go:142]  Error 1265: Data truncated for column 'base_pay' at row 1
2020/08/10 16:34:16.983 [E] [caiwu_controller.go:142]  Error 1265: Data truncated for column 'base_pay' at row 1
2020/08/10 16:34:16.984 [E] [caiwu_controller.go:142]  Error 1265: Data truncated for column 'base_pay' at row 1
2020/08/10 16:34:16.989 [E] [caiwu_controller.go:142]  Error 1265: Data truncated for column 'base_pay' at row 1
2020/08/10 16:34:16.990 [E] [caiwu_controller.go:142]  Error 1265: Data truncated for column 'base_pay' at row 1
2020/08/10 16:34:16.991 [E] [caiwu_controller.go:142]  Error 1265: Data truncated for column 'base_pay' at row 1
2020/08/10 16:34:16.999 [E] [caiwu_controller.go:142]  Error 1265: Data truncated for column 'base_pay' at row 1
2020/08/10 16:34:17.000 [E] [caiwu_controller.go:142]  Error 1265: Data truncated for column 'base_pay' at row 1
2020/08/10 16:34:17.005 [E] [caiwu_controller.go:142]  Error 1265: Data truncated for column 'base_pay' at row 1
2020/08/10 16:34:17.006 [E] [caiwu_controller.go:142]  Error 1265: Data truncated for column 'base_pay' at row 1
2020/08/10 16:36:19.111 [E] [caiwu_controller.go:113]  <nil>
2020/08/10 16:36:19.117 [E] [caiwu_controller.go:146]  Error 1265: Data truncated for column 'base_pay' at row 1
2020/08/10 16:40:07.869 [E] [caiwu_controller.go:113]  <nil>
2020/08/10 16:40:07.876 [E] [caiwu_controller.go:146]  Error 1366: Incorrect decimal value: 'zl-001' for column 'base_pay' at row 1
2020/08/10 16:43:55.697 [E] [caiwu_controller.go:113]  <nil>
2020/08/10 16:43:55.703 [E] [caiwu_controller.go:145]  sql: expected 15 arguments, got 14
2020/08/10 16:44:41.077 [E] [caiwu_controller.go:113]  <nil>
2020/08/10 16:46:01.952 [E] [caiwu_controller.go:113]  <nil>
2020/08/10 16:54:08.559 [E] [caiwu_controller.go:112]  <nil>
2020/08/10 16:57:11.853 [E] [caiwu_controller.go:113]  <nil>
2020/08/10 17:01:48.157 [E] [caiwu_controller.go:113]  <nil>
2020/08/10 17:20:04.860 [E] [caiwu_controller.go:113]  <nil>
2020/08/10 17:23:38.668 [E] [caiwu_controller.go:113]  <nil>
2020/08/10 17:23:38.677 [E] [caiwu_controller.go:147]  Error 1136: Column count doesn't match value count at row 1
2020/08/10 17:24:53.013 [E] [caiwu_controller.go:113]  <nil>
2020/08/10 17:24:53.021 [E] [caiwu_controller.go:147]  sql: expected 15 arguments, got 14
2020/08/10 17:26:10.083 [E] [caiwu_controller.go:113]  <nil>
2020/08/10 17:26:10.089 [E] [caiwu_controller.go:147]  Error 1136: Column count doesn't match value count at row 1
2020/08/10 17:32:31.281 [E] [caiwu_controller.go:112]  <nil>
2020/08/10 17:35:40.813 [E] [caiwu_controller.go:112]  <nil>
2020/08/10 17:42:01.122 [E] [caiwu_controller.go:112]  <nil>
2020/08/10 17:42:44.828 [E] [caiwu_controller.go:112]  <nil>
2020/08/10 17:45:34.725 [E] [caiwu_controller.go:112]  <nil>
2020/08/10 17:46:27.876 [E] [caiwu_controller.go:112]  <nil>
2020/08/10 17:48:26.698 [E] [caiwu_controller.go:112]  <nil>
2020/08/10 17:49:55.647 [E] [caiwu_controller.go:112]  <nil>
2020/08/10 17:51:38.682 [E] [caiwu_controller.go:113]  <nil>
2020/08/10 17:54:00.085 [E] [caiwu_controller.go:113]  <nil>
2020/08/10 18:00:27.297 [E] [caiwu_controller.go:112]  <nil>
2020/08/10 18:02:12.846 [E] [caiwu_controller.go:112]  <nil>
2020/08/10 18:03:34.037 [E] [caiwu_controller.go:113]  <nil>
2020/08/10 18:05:51.649 [E] [caiwu_controller.go:113]  <nil>
2020/08/10 18:06:11.300 [E] [caiwu_controller.go:113]  <nil>
2020/08/10 18:21:29.848 [E] [caiwu_controller.go:115]  <nil>
2020/08/10 18:23:16.956 [E] [caiwu_controller.go:115]  <nil>
2020/08/11 09:06:39.130 [E] [caiwu_controller.go:115]  <nil>
2020/08/11 09:14:53.437 [E] [caiwu_controller.go:115]  <nil>
2020/08/11 09:22:17.004 [E] [caiwu_controller.go:115]  <nil>
2020/08/11 09:25:39.990 [E] [caiwu_controller.go:115]  <nil>
2020/08/11 09:28:38.547 [E] [caiwu_controller.go:115]  <nil>
2020/08/11 09:36:47.022 [E] [caiwu_controller.go:115]  <nil>
2020/08/11 09:38:50.028 [E] [caiwu_controller.go:115]  <nil>
2020/08/11 09:39:24.474 [E] [caiwu_controller.go:115]  <nil>
2020/08/11 09:39:40.100 [E] [caiwu_controller.go:115]  <nil>
2020/08/11 10:51:28.287 [E] [caiwu_echarts_data_controller'.go:121]  <nil>
2020/08/11 10:52:01.621 [E] [caiwu_echarts_data_controller'.go:121]  <nil>
2020/08/11 10:53:35.403 [E] [caiwu_echarts_data_controller'.go:121]  <nil>
2020/08/11 10:56:16.437 [E] [caiwu_echarts_data_controller'.go:121]  <nil>
2020/08/11 10:58:45.135 [E] [caiwu_echarts_data_controller'.go:121]  <nil>
2020/08/11 10:59:05.836 [E] [caiwu_echarts_data_controller'.go:121]  <nil>
2020/08/11 14:08:09.169 [E] [router.go:866]  template: news/news_list.html:74:23: executing "news/news_list.html" at <.CreateTime>: can't evaluate field CreateTime in type news.News
2020/08/11 14:08:13.824 [E] [router.go:866]  template: news/news_list.html:74:23: executing "news/news_list.html" at <.CreateTime>: can't evaluate field CreateTime in type news.News
2020/08/12 15:24:28.829 [E] [template.go:227]  parse template err: cars/cars_add.html template: cars/cars_add.html:131: unexpected EOF
2020/08/13 10:32:54.797 [E] [router.go:866]  template: cars/audit_apply.html:74:68: executing "cars/audit_apply.html" at <.cars_apply.id>: can't evaluate field id in type interface {}
